<?xml version="1.0" encoding="UTF-8"?>
<!-- Generated by org.testng.reporters.JUnitXMLReporter -->
<testsuite ignored="0" hostname="Alzetawi" failures="0" tests="4" name="Default test" time="24.698" errors="0" timestamp="2026-02-11T23:04:48 EET">
  <testcase classname="LogInPage.MyTestCases" name="signUp" time="9.174"/>
  <testcase classname="LogInPage.MyTestCases" name="logOut" time="4.222"/>
  <testcase classname="LogInPage.MyTestCases" name="logIn" time="3.197"/>
  <testcase classname="LogInPage.MyTestCases" name="addToCart" time="5.616"/>
</testsuite> <!-- Default test -->
