<?xml version="1.0" encoding="UTF-8"?>
<testng-results ignored="0" total="1" passed="1" failed="0" skipped="0">
  <reporter-output>
  </reporter-output>
  <suite started-at="2026-02-03T23:04:26 EET" name="Default suite" finished-at="2026-02-03T23:04:43 EET" duration-ms="16182">
    <groups>
    </groups>
    <test started-at="2026-02-03T23:04:26 EET" name="Default test" finished-at="2026-02-03T23:04:43 EET" duration-ms="16182">
      <class name="LogInPage.MyTestCases">
        <test-method is-config="true" signature="mySetup()[pri:0, instance:LogInPage.MyTestCases@13518f37]" started-at="2026-02-03T23:04:26 EET" name="mySetup" finished-at="2026-02-03T23:04:34 EET" duration-ms="8017" status="PASS">
          <reporter-output>
          </reporter-output>
        </test-method> <!-- mySetup -->
        <test-method signature="signUp()[pri:1, instance:LogInPage.MyTestCases@13518f37]" started-at="2026-02-03T23:04:34 EET" name="signUp" finished-at="2026-02-03T23:04:43 EET" duration-ms="8118" status="PASS">
          <reporter-output>
          </reporter-output>
        </test-method> <!-- signUp -->
      </class> <!-- LogInPage.MyTestCases -->
    </test> <!-- Default test -->
  </suite> <!-- Default suite -->
</testng-results>
