<?xml version="1.0" encoding="UTF-8"?>
<!-- Generated by org.testng.reporters.JUnitReportReporter -->
<testsuite hostname="Alzetawi" failures="0" tests="4" name="LogInPage.MyTestCases" time="22.209" errors="0" timestamp="2026-02-11T23:04:48 EET" skipped="0">
  <testcase classname="LogInPage.MyTestCases" name="signUp" time="9.174"/>
  <testcase classname="LogInPage.MyTestCases" name="logOut" time="4.222"/>
  <testcase classname="LogInPage.MyTestCases" name="logIn" time="3.197"/>
  <testcase classname="LogInPage.MyTestCases" name="addToCart" time="5.616"/>
</testsuite> <!-- LogInPage.MyTestCases -->
